2024-12-28 10:48:18.601 [main] DEBUG o.t.TestNG - suiteXmlPath: "C:\Users\user\eclipse-workspace\TutorialsNinja1.1\grouping.xml"
2024-12-28 10:48:19.105 [main] INFO  o.t.i.Utils - [TestNG] Running:
  C:\Users\user\eclipse-workspace\TutorialsNinja1.1\grouping.xml

2024-12-28 10:48:36.275 [main] INFO  t.TC_002LoginTest - ********Starting TC_002LoginTest *********
2024-12-28 10:48:36.796 [main] INFO  t.TC_002LoginTest - Providing login details
2024-12-28 10:48:39.088 [main] INFO  t.TC_002LoginTest - ********Ending TC_002LoginTest *********
2024-12-28 10:48:48.833 [main] INFO  t.TC_001RegisterAccountTest - **** Starting TC_001VerifyAccountRegister ****
2024-12-28 10:48:48.987 [main] INFO  t.TC_001RegisterAccountTest - Clicking on MyAccount
2024-12-28 10:48:49.779 [main] INFO  t.TC_001RegisterAccountTest - Clicking on Register
2024-12-28 10:48:49.783 [main] INFO  t.TC_001RegisterAccountTest - Providing Registering Details
2024-12-28 10:48:51.364 [main] INFO  t.TC_001RegisterAccountTest - validation starting
2024-12-28 10:52:39.519 [main] DEBUG o.t.TestNG - suiteXmlPath: "C:\Users\user\eclipse-workspace\TutorialsNinja1.1\master.xml"
2024-12-28 10:52:40.106 [main] INFO  o.t.i.Utils - [TestNG] Running:
  C:\Users\user\eclipse-workspace\TutorialsNinja1.1\master.xml

2024-12-28 10:52:49.155 [main] INFO  t.TC_002LoginTest - ********Starting TC_002LoginTest *********
2024-12-28 10:52:50.137 [main] INFO  t.TC_002LoginTest - Providing login details
2024-12-28 10:52:51.126 [main] INFO  t.TC_002LoginTest - ********Ending TC_002LoginTest *********
2024-12-28 10:52:59.089 [main] INFO  t.TC_001RegisterAccountTest - **** Starting TC_001VerifyAccountRegister ****
2024-12-28 10:52:59.225 [main] INFO  t.TC_001RegisterAccountTest - Clicking on MyAccount
2024-12-28 10:53:00.581 [main] INFO  t.TC_001RegisterAccountTest - Clicking on Register
2024-12-28 10:53:00.585 [main] INFO  t.TC_001RegisterAccountTest - Providing Registering Details
2024-12-28 10:53:02.312 [main] INFO  t.TC_001RegisterAccountTest - validation starting
2024-12-28 10:53:12.017 [main] DEBUG o.a.p.o.o.PackageRelationshipCollection - Parsing relationship: /xl/_rels/workbook.xml.rels
2024-12-28 10:53:12.022 [main] DEBUG o.a.p.o.o.PackageRelationshipCollection - Parsing relationship: /xl/worksheets/_rels/sheet1.xml.rels
2024-12-28 10:53:12.026 [main] DEBUG o.a.p.o.o.PackageRelationshipCollection - Parsing relationship: /_rels/.rels
2024-12-28 10:53:14.461 [main] DEBUG o.a.p.o.POIXMLFactory - using default POIXMLDocumentPart for http://schemas.openxmlformats.org/officeDocument/2006/relationships/printerSettings
2024-12-28 10:53:15.117 [main] DEBUG o.a.p.o.o.PackageRelationshipCollection - Parsing relationship: /xl/_rels/workbook.xml.rels
2024-12-28 10:53:15.119 [main] DEBUG o.a.p.o.o.PackageRelationshipCollection - Parsing relationship: /xl/worksheets/_rels/sheet1.xml.rels
2024-12-28 10:53:15.122 [main] DEBUG o.a.p.o.o.PackageRelationshipCollection - Parsing relationship: /_rels/.rels
2024-12-28 10:53:15.182 [main] DEBUG o.a.p.o.POIXMLFactory - using default POIXMLDocumentPart for http://schemas.openxmlformats.org/officeDocument/2006/relationships/printerSettings
2024-12-28 10:53:15.223 [main] DEBUG o.a.p.o.o.PackageRelationshipCollection - Parsing relationship: /xl/_rels/workbook.xml.rels
2024-12-28 10:53:15.225 [main] DEBUG o.a.p.o.o.PackageRelationshipCollection - Parsing relationship: /xl/worksheets/_rels/sheet1.xml.rels
2024-12-28 10:53:15.227 [main] DEBUG o.a.p.o.o.PackageRelationshipCollection - Parsing relationship: /_rels/.rels
2024-12-28 10:53:15.324 [main] DEBUG o.a.p.o.POIXMLFactory - using default POIXMLDocumentPart for http://schemas.openxmlformats.org/officeDocument/2006/relationships/printerSettings
2024-12-28 10:53:15.372 [main] DEBUG o.a.p.o.o.PackageRelationshipCollection - Parsing relationship: /xl/_rels/workbook.xml.rels
2024-12-28 10:53:15.374 [main] DEBUG o.a.p.o.o.PackageRelationshipCollection - Parsing relationship: /xl/worksheets/_rels/sheet1.xml.rels
2024-12-28 10:53:15.375 [main] DEBUG o.a.p.o.o.PackageRelationshipCollection - Parsing relationship: /_rels/.rels
2024-12-28 10:53:15.393 [main] DEBUG o.a.p.o.POIXMLFactory - using default POIXMLDocumentPart for http://schemas.openxmlformats.org/officeDocument/2006/relationships/printerSettings
2024-12-28 10:53:15.502 [main] DEBUG o.a.p.o.o.PackageRelationshipCollection - Parsing relationship: /xl/_rels/workbook.xml.rels
2024-12-28 10:53:15.504 [main] DEBUG o.a.p.o.o.PackageRelationshipCollection - Parsing relationship: /xl/worksheets/_rels/sheet1.xml.rels
2024-12-28 10:53:15.507 [main] DEBUG o.a.p.o.o.PackageRelationshipCollection - Parsing relationship: /_rels/.rels
2024-12-28 10:53:15.527 [main] DEBUG o.a.p.o.POIXMLFactory - using default POIXMLDocumentPart for http://schemas.openxmlformats.org/officeDocument/2006/relationships/printerSettings
2024-12-28 10:53:15.558 [main] DEBUG o.a.p.o.o.PackageRelationshipCollection - Parsing relationship: /xl/_rels/workbook.xml.rels
2024-12-28 10:53:15.560 [main] DEBUG o.a.p.o.o.PackageRelationshipCollection - Parsing relationship: /xl/worksheets/_rels/sheet1.xml.rels
2024-12-28 10:53:15.562 [main] DEBUG o.a.p.o.o.PackageRelationshipCollection - Parsing relationship: /_rels/.rels
2024-12-28 10:53:15.580 [main] DEBUG o.a.p.o.POIXMLFactory - using default POIXMLDocumentPart for http://schemas.openxmlformats.org/officeDocument/2006/relationships/printerSettings
2024-12-28 10:53:15.606 [main] DEBUG o.a.p.o.o.PackageRelationshipCollection - Parsing relationship: /xl/_rels/workbook.xml.rels
2024-12-28 10:53:15.608 [main] DEBUG o.a.p.o.o.PackageRelationshipCollection - Parsing relationship: /xl/worksheets/_rels/sheet1.xml.rels
2024-12-28 10:53:15.610 [main] DEBUG o.a.p.o.o.PackageRelationshipCollection - Parsing relationship: /_rels/.rels
2024-12-28 10:53:15.633 [main] DEBUG o.a.p.o.POIXMLFactory - using default POIXMLDocumentPart for http://schemas.openxmlformats.org/officeDocument/2006/relationships/printerSettings
2024-12-28 10:53:15.661 [main] DEBUG o.a.p.o.o.PackageRelationshipCollection - Parsing relationship: /xl/_rels/workbook.xml.rels
2024-12-28 10:53:15.663 [main] DEBUG o.a.p.o.o.PackageRelationshipCollection - Parsing relationship: /xl/worksheets/_rels/sheet1.xml.rels
2024-12-28 10:53:15.665 [main] DEBUG o.a.p.o.o.PackageRelationshipCollection - Parsing relationship: /_rels/.rels
2024-12-28 10:53:15.681 [main] DEBUG o.a.p.o.POIXMLFactory - using default POIXMLDocumentPart for http://schemas.openxmlformats.org/officeDocument/2006/relationships/printerSettings
2024-12-28 10:53:15.704 [main] DEBUG o.a.p.o.o.PackageRelationshipCollection - Parsing relationship: /xl/_rels/workbook.xml.rels
2024-12-28 10:53:15.705 [main] DEBUG o.a.p.o.o.PackageRelationshipCollection - Parsing relationship: /xl/worksheets/_rels/sheet1.xml.rels
2024-12-28 10:53:15.707 [main] DEBUG o.a.p.o.o.PackageRelationshipCollection - Parsing relationship: /_rels/.rels
2024-12-28 10:53:15.720 [main] DEBUG o.a.p.o.POIXMLFactory - using default POIXMLDocumentPart for http://schemas.openxmlformats.org/officeDocument/2006/relationships/printerSettings
2024-12-28 10:53:15.745 [main] DEBUG o.a.p.o.o.PackageRelationshipCollection - Parsing relationship: /xl/_rels/workbook.xml.rels
2024-12-28 10:53:15.747 [main] DEBUG o.a.p.o.o.PackageRelationshipCollection - Parsing relationship: /xl/worksheets/_rels/sheet1.xml.rels
2024-12-28 10:53:15.749 [main] DEBUG o.a.p.o.o.PackageRelationshipCollection - Parsing relationship: /_rels/.rels
2024-12-28 10:53:15.764 [main] DEBUG o.a.p.o.POIXMLFactory - using default POIXMLDocumentPart for http://schemas.openxmlformats.org/officeDocument/2006/relationships/printerSettings
2024-12-28 10:53:15.788 [main] DEBUG o.a.p.o.o.PackageRelationshipCollection - Parsing relationship: /xl/_rels/workbook.xml.rels
2024-12-28 10:53:15.790 [main] DEBUG o.a.p.o.o.PackageRelationshipCollection - Parsing relationship: /xl/worksheets/_rels/sheet1.xml.rels
2024-12-28 10:53:15.791 [main] DEBUG o.a.p.o.o.PackageRelationshipCollection - Parsing relationship: /_rels/.rels
2024-12-28 10:53:15.806 [main] DEBUG o.a.p.o.POIXMLFactory - using default POIXMLDocumentPart for http://schemas.openxmlformats.org/officeDocument/2006/relationships/printerSettings
2024-12-28 10:53:15.832 [main] DEBUG o.a.p.o.o.PackageRelationshipCollection - Parsing relationship: /xl/_rels/workbook.xml.rels
2024-12-28 10:53:15.834 [main] DEBUG o.a.p.o.o.PackageRelationshipCollection - Parsing relationship: /xl/worksheets/_rels/sheet1.xml.rels
2024-12-28 10:53:15.835 [main] DEBUG o.a.p.o.o.PackageRelationshipCollection - Parsing relationship: /_rels/.rels
2024-12-28 10:53:15.849 [main] DEBUG o.a.p.o.POIXMLFactory - using default POIXMLDocumentPart for http://schemas.openxmlformats.org/officeDocument/2006/relationships/printerSettings
2024-12-28 10:53:15.873 [main] DEBUG o.a.p.o.o.PackageRelationshipCollection - Parsing relationship: /xl/_rels/workbook.xml.rels
2024-12-28 10:53:15.875 [main] DEBUG o.a.p.o.o.PackageRelationshipCollection - Parsing relationship: /xl/worksheets/_rels/sheet1.xml.rels
2024-12-28 10:53:15.877 [main] DEBUG o.a.p.o.o.PackageRelationshipCollection - Parsing relationship: /_rels/.rels
2024-12-28 10:53:15.892 [main] DEBUG o.a.p.o.POIXMLFactory - using default POIXMLDocumentPart for http://schemas.openxmlformats.org/officeDocument/2006/relationships/printerSettings
2024-12-28 10:53:15.915 [main] DEBUG o.a.p.o.o.PackageRelationshipCollection - Parsing relationship: /xl/_rels/workbook.xml.rels
2024-12-28 10:53:15.916 [main] DEBUG o.a.p.o.o.PackageRelationshipCollection - Parsing relationship: /xl/worksheets/_rels/sheet1.xml.rels
2024-12-28 10:53:15.918 [main] DEBUG o.a.p.o.o.PackageRelationshipCollection - Parsing relationship: /_rels/.rels
2024-12-28 10:53:15.931 [main] DEBUG o.a.p.o.POIXMLFactory - using default POIXMLDocumentPart for http://schemas.openxmlformats.org/officeDocument/2006/relationships/printerSettings
2024-12-28 10:53:15.956 [main] DEBUG o.a.p.o.o.PackageRelationshipCollection - Parsing relationship: /xl/_rels/workbook.xml.rels
2024-12-28 10:53:15.958 [main] DEBUG o.a.p.o.o.PackageRelationshipCollection - Parsing relationship: /xl/worksheets/_rels/sheet1.xml.rels
2024-12-28 10:53:15.959 [main] DEBUG o.a.p.o.o.PackageRelationshipCollection - Parsing relationship: /_rels/.rels
2024-12-28 10:53:15.980 [main] DEBUG o.a.p.o.POIXMLFactory - using default POIXMLDocumentPart for http://schemas.openxmlformats.org/officeDocument/2006/relationships/printerSettings
2024-12-28 10:53:16.005 [main] DEBUG o.a.p.o.o.PackageRelationshipCollection - Parsing relationship: /xl/_rels/workbook.xml.rels
2024-12-28 10:53:16.007 [main] DEBUG o.a.p.o.o.PackageRelationshipCollection - Parsing relationship: /xl/worksheets/_rels/sheet1.xml.rels
2024-12-28 10:53:16.008 [main] DEBUG o.a.p.o.o.PackageRelationshipCollection - Parsing relationship: /_rels/.rels
2024-12-28 10:53:16.022 [main] DEBUG o.a.p.o.POIXMLFactory - using default POIXMLDocumentPart for http://schemas.openxmlformats.org/officeDocument/2006/relationships/printerSettings
2024-12-28 10:53:16.044 [main] DEBUG o.a.p.o.o.PackageRelationshipCollection - Parsing relationship: /xl/_rels/workbook.xml.rels
2024-12-28 10:53:16.046 [main] DEBUG o.a.p.o.o.PackageRelationshipCollection - Parsing relationship: /xl/worksheets/_rels/sheet1.xml.rels
2024-12-28 10:53:16.047 [main] DEBUG o.a.p.o.o.PackageRelationshipCollection - Parsing relationship: /_rels/.rels
2024-12-28 10:53:16.061 [main] DEBUG o.a.p.o.POIXMLFactory - using default POIXMLDocumentPart for http://schemas.openxmlformats.org/officeDocument/2006/relationships/printerSettings
2024-12-28 10:53:16.083 [main] INFO  t.TC_003_LoginDDT - ********Starting TC_002LoginTest *********
2024-12-28 10:53:16.593 [main] INFO  t.TC_003_LoginDDT - Providing login details
2024-12-28 10:53:17.473 [main] INFO  t.TC_003_LoginDDT - ******Finishing TC_002LoginTest *********
2024-12-28 10:53:17.479 [main] INFO  t.TC_003_LoginDDT - ********Starting TC_002LoginTest *********
2024-12-28 10:53:17.891 [main] INFO  t.TC_003_LoginDDT - Providing login details
2024-12-28 10:53:19.376 [main] INFO  t.TC_003_LoginDDT - ******Finishing TC_002LoginTest *********
2024-12-28 10:53:19.389 [main] INFO  t.TC_003_LoginDDT - ********Starting TC_002LoginTest *********
2024-12-28 10:53:19.835 [main] INFO  t.TC_003_LoginDDT - Providing login details
2024-12-28 10:53:21.793 [main] INFO  t.TC_003_LoginDDT - ********Starting TC_002LoginTest *********
2024-12-28 10:53:22.359 [main] INFO  t.TC_003_LoginDDT - Providing login details
2024-12-28 10:53:24.515 [main] INFO  t.TC_003_LoginDDT - ******Finishing TC_002LoginTest *********
2024-12-28 10:53:24.529 [main] INFO  t.TC_003_LoginDDT - ********Starting TC_002LoginTest *********
2024-12-28 10:53:24.943 [main] INFO  t.TC_003_LoginDDT - Providing login details
2024-12-28 10:53:26.189 [main] INFO  t.TC_003_LoginDDT - ******Finishing TC_002LoginTest *********
2024-12-28 10:56:37.668 [main] DEBUG o.t.TestNG - suiteXmlPath: "C:\Users\user\eclipse-workspace\TutorialsNinja1.1\grouping.xml"
2024-12-28 10:56:38.124 [main] INFO  o.t.i.Utils - [TestNG] Running:
  C:\Users\user\eclipse-workspace\TutorialsNinja1.1\grouping.xml

2024-12-28 10:56:47.021 [main] INFO  t.TC_002LoginTest - ********Starting TC_002LoginTest *********
2024-12-28 10:56:47.889 [main] INFO  t.TC_002LoginTest - Providing login details
2024-12-28 10:56:49.131 [main] INFO  t.TC_002LoginTest - ********Ending TC_002LoginTest *********
2024-12-28 10:56:57.806 [main] INFO  t.TC_001RegisterAccountTest - **** Starting TC_001VerifyAccountRegister ****
2024-12-28 10:56:57.962 [main] INFO  t.TC_001RegisterAccountTest - Clicking on MyAccount
2024-12-28 10:56:58.582 [main] INFO  t.TC_001RegisterAccountTest - Clicking on Register
2024-12-28 10:56:58.586 [main] INFO  t.TC_001RegisterAccountTest - Providing Registering Details
2024-12-28 10:57:00.239 [main] INFO  t.TC_001RegisterAccountTest - validation starting
2024-12-28 13:31:17.020 [main] DEBUG o.t.TestNG - suiteXmlPath: "C:\Users\user\eclipse-workspace\TutorialsNinja1.1\master.xml"
2024-12-28 13:31:17.483 [main] INFO  o.t.i.Utils - [TestNG] Running:
  C:\Users\user\eclipse-workspace\TutorialsNinja1.1\master.xml

2024-12-28 13:33:31.549 [main] DEBUG o.t.TestNG - suiteXmlPath: "C:\Users\user\eclipse-workspace\TutorialsNinja1.1\master.xml"
2024-12-28 13:33:31.970 [main] INFO  o.t.i.Utils - [TestNG] Running:
  C:\Users\user\eclipse-workspace\TutorialsNinja1.1\master.xml

2024-12-28 13:35:10.344 [main] INFO  t.TC_001RegisterAccountTest - **** Starting TC_001VerifyAccountRegister ****
2024-12-28 13:35:10.523 [main] INFO  t.TC_001RegisterAccountTest - Clicking on MyAccount
2024-12-28 13:35:11.613 [main] INFO  t.TC_001RegisterAccountTest - Clicking on Register
2024-12-28 13:35:11.622 [main] INFO  t.TC_001RegisterAccountTest - Providing Registering Details
2024-12-28 13:35:13.249 [main] INFO  t.TC_001RegisterAccountTest - validation starting
2024-12-28 13:43:44.020 [main] DEBUG o.t.TestNG - suiteXmlPath: "C:\Users\user\eclipse-workspace\TutorialsNinja1.1\master.xml"
2024-12-28 13:43:44.502 [main] INFO  o.t.i.Utils - [TestNG] Running:
  C:\Users\user\eclipse-workspace\TutorialsNinja1.1\master.xml

2024-12-28 13:43:54.664 [main] INFO  t.TC_001RegisterAccountTest - **** Starting TC_001VerifyAccountRegister ****
2024-12-28 13:43:54.837 [main] INFO  t.TC_001RegisterAccountTest - Clicking on MyAccount
2024-12-28 13:43:55.428 [main] INFO  t.TC_001RegisterAccountTest - Clicking on Register
2024-12-28 13:43:55.432 [main] INFO  t.TC_001RegisterAccountTest - Providing Registering Details
2024-12-28 13:43:57.198 [main] INFO  t.TC_001RegisterAccountTest - validation starting
2024-12-28 19:51:35.777 [main] DEBUG o.t.TestNG - suiteXmlPath: "C:\Users\user\eclipse-workspace\TutorialsNinja1.1\master.xml"
2024-12-28 19:56:06.078 [main] DEBUG o.t.TestNG - suiteXmlPath: "C:\Users\user\eclipse-workspace\TutorialsNinja1.1\grouping.xml"
2024-12-28 19:57:38.069 [main] DEBUG o.t.TestNG - suiteXmlPath: "C:\Users\user\eclipse-workspace\TutorialsNinja1.1\grouping.xml"
2024-12-28 19:59:50.073 [main] INFO  t.TC_002LoginTest - ********Starting TC_002LoginTest *********
2024-12-28 19:59:50.994 [main] INFO  t.TC_002LoginTest - Providing login details
2024-12-28 19:59:52.329 [main] INFO  t.TC_002LoginTest - ********Ending TC_002LoginTest *********
2024-12-28 20:00:01.375 [main] INFO  t.TC_001RegisterAccountTest - **** Starting TC_001VerifyAccountRegister ****
2024-12-28 20:00:01.528 [main] INFO  t.TC_001RegisterAccountTest - Clicking on MyAccount
2024-12-28 20:00:03.024 [main] INFO  t.TC_001RegisterAccountTest - Clicking on Register
2024-12-28 20:00:03.028 [main] INFO  t.TC_001RegisterAccountTest - Providing Registering Details
2024-12-28 20:00:06.648 [main] INFO  t.TC_001RegisterAccountTest - validation starting
2024-12-28 20:00:48.216 [main] DEBUG o.t.TestNG - suiteXmlPath: "C:\Users\user\eclipse-workspace\TutorialsNinja1.1\master.xml"
2024-12-28 20:00:58.091 [main] INFO  t.TC_001RegisterAccountTest - **** Starting TC_001VerifyAccountRegister ****
2024-12-28 20:00:58.285 [main] INFO  t.TC_001RegisterAccountTest - Clicking on MyAccount
2024-12-28 20:00:59.529 [main] INFO  t.TC_001RegisterAccountTest - Clicking on Register
2024-12-28 20:00:59.539 [main] INFO  t.TC_001RegisterAccountTest - Providing Registering Details
2024-12-28 20:01:01.648 [main] INFO  t.TC_001RegisterAccountTest - validation starting
2024-12-28 22:17:51.966 [main] DEBUG o.t.TestNG - suiteXmlPath: "C:\Users\user\eclipse-workspace\TutorialsNinja1.1\master.xml"
2024-12-28 22:19:47.492 [main] INFO  t.TC_001RegisterAccountTest - **** Starting TC_001VerifyAccountRegister ****
2024-12-28 22:19:47.725 [main] INFO  t.TC_001RegisterAccountTest - Clicking on MyAccount
2024-12-28 22:19:48.577 [main] INFO  t.TC_001RegisterAccountTest - Clicking on Register
2024-12-28 22:19:48.581 [main] INFO  t.TC_001RegisterAccountTest - Providing Registering Details
2024-12-28 22:19:50.371 [main] INFO  t.TC_001RegisterAccountTest - validation starting
